2025-10-31 15:34:50,863 [INFO] Activator:177 - 


2025-10-31 15:34:50,875 [INFO] Activator:178 - !SESSION log4j initialized
2025-10-31 15:35:47,340 [INFO] Activator:177 - 


2025-10-31 15:35:47,340 [INFO] Activator:178 - !SESSION log4j initialized
2025-10-31 15:36:32,928 [INFO] Activator:177 - 


2025-10-31 15:36:32,934 [INFO] Activator:178 - !SESSION log4j initialized
2025-10-31 15:37:39,061 [INFO] Activator:177 - 


2025-10-31 15:37:39,064 [INFO] Activator:178 - !SESSION log4j initialized
2025-10-31 15:39:05,861 [INFO] Activator:177 - 


2025-10-31 15:39:05,876 [INFO] Activator:178 - !SESSION log4j initialized
2025-11-01 22:50:28,155 [INFO] Activator:177 - 


2025-11-01 22:50:28,159 [INFO] Activator:178 - !SESSION log4j initialized
2025-11-01 22:51:15,711 [INFO] Activator:177 - 


2025-11-01 22:51:15,726 [INFO] Activator:178 - !SESSION log4j initialized
2025-11-01 22:51:49,550 [INFO] Activator:177 - 


2025-11-01 22:51:49,552 [INFO] Activator:178 - !SESSION log4j initialized
2025-11-01 22:51:58,414 [INFO] McuFinderGlobals:39 - Set McuFinder mode to 2 (CubeIDE integrated)
2025-11-01 22:51:58,595 [INFO] ApplicationProperties:181 - Using Application install path: D:\STM32CubeIDE_1.7.0\STM32CubeIDE\plugins\com.st.stm32cube.common.mx_6.3.0.202107141111
2025-11-01 22:51:58,606 [INFO] DbMcusXml:74 - Set database path to: D:\STM32CubeIDE_1.7.0\STM32CubeIDE\plugins\com.st.stm32cube.common.mx_6.3.0.202107141111\\db\/mcu/
2025-11-01 22:51:58,606 [INFO] DbBoardsPdsc:56 - Set plugin database path to: D:\STM32CubeIDE_1.7.0\STM32CubeIDE\plugins\com.st.stm32cube.common.mx_6.3.0.202107141111\\db\/plugins/boardmanager/
2025-11-01 22:51:58,606 [INFO] DbMcus:258 - Set plugin images path to: D:\STM32CubeIDE_1.7.0\STM32CubeIDE\plugins\com.st.stm32cube.common.mx_6.3.0.202107141111\\db\/plugins/mcufinder/images/
2025-11-01 22:51:58,606 [INFO] DbBoards:264 - Set plugin images path to: D:\STM32CubeIDE_1.7.0\STM32CubeIDE\plugins\com.st.stm32cube.common.mx_6.3.0.202107141111\\db\/plugins/mcufinder/images/
2025-11-01 22:51:58,612 [INFO] DbExamples:333 - Set plugin images path to: D:\STM32CubeIDE_1.7.0\STM32CubeIDE\plugins\com.st.stm32cube.common.mx_6.3.0.202107141111\\db\/plugins/mcufinder/images/
2025-11-01 22:51:58,612 [INFO] DbMcusAds:119 - Set database path to: C:\Users\tri\.stmcufinder\plugins\mcufinder//mcu/
2025-11-01 22:51:58,612 [INFO] DbMcusDocs:110 - Set database path to: C:\Users\tri\.stmcufinder\plugins\mcufinder//mcu/
2025-11-01 22:51:58,612 [INFO] DbMcusJson:64 - Set database path to: C:\Users\tri\.stmcufinder\plugins\mcufinder//mcu/
2025-11-01 22:51:58,626 [INFO] DbBoardsDocs:110 - Set database path to: C:\Users\tri\.stmcufinder\plugins\mcufinder//mcu/
2025-11-01 22:51:58,626 [INFO] DbBoardsJson:57 - Set database path to: C:\Users\tri\.stmcufinder\plugins\mcufinder//mcu/
2025-11-01 22:51:59,585 [INFO] CrossReferenceDbSqlite:196 - Set database path to: C:\Users\tri\.stmcufinder\plugins\mcufinder//mcu/cs/
2025-11-01 22:51:59,591 [INFO] DbExamplesSqlite:767 - Set database path to: C:\Users\tri\.stmcufinder\plugins\mcufinder//mcu/
2025-11-01 22:51:59,674 [INFO] RulesReader:57 - Compatibility file has been processed (242 Rules)
2025-11-01 22:51:59,745 [INFO] DbMcusXml:74 - Set database path to: D:\STM32CubeIDE_1.7.0\STM32CubeIDE\plugins\com.st.stm32cube.common.mx_6.3.0.202107141111\\db\/mcu/
2025-11-01 22:51:59,745 [INFO] DbBoardsPdsc:56 - Set plugin database path to: D:\STM32CubeIDE_1.7.0\STM32CubeIDE\plugins\com.st.stm32cube.common.mx_6.3.0.202107141111\\db\/plugins/boardmanager/
2025-11-01 22:51:59,745 [INFO] DbMcus:258 - Set plugin images path to: D:\STM32CubeIDE_1.7.0\STM32CubeIDE\plugins\com.st.stm32cube.common.mx_6.3.0.202107141111\\db\/plugins/mcufinder/images/
2025-11-01 22:51:59,745 [INFO] DbBoards:264 - Set plugin images path to: D:\STM32CubeIDE_1.7.0\STM32CubeIDE\plugins\com.st.stm32cube.common.mx_6.3.0.202107141111\\db\/plugins/mcufinder/images/
2025-11-01 22:51:59,745 [INFO] DbExamples:333 - Set plugin images path to: D:\STM32CubeIDE_1.7.0\STM32CubeIDE\plugins\com.st.stm32cube.common.mx_6.3.0.202107141111\\db\/plugins/mcufinder/images/
2025-11-01 22:51:59,745 [WARN] DbFile:35 - Overriding database path with different value: C:\Users\tri\.stmcufinder\plugins\mcufinder/ => C:\Users\tri\.stmcufinder\plugins\mcufinder
2025-11-01 22:51:59,745 [INFO] DbMcusAds:119 - Set database path to: C:\Users\tri\.stmcufinder\plugins\mcufinder//mcu/
2025-11-01 22:51:59,745 [WARN] DbFile:35 - Overriding database path with different value: C:\Users\tri\.stmcufinder\plugins\mcufinder/ => C:\Users\tri\.stmcufinder\plugins\mcufinder
2025-11-01 22:51:59,745 [INFO] DbMcusDocs:110 - Set database path to: C:\Users\tri\.stmcufinder\plugins\mcufinder//mcu/
2025-11-01 22:51:59,745 [WARN] DbFile:35 - Overriding database path with different value: C:\Users\tri\.stmcufinder\plugins\mcufinder/ => C:\Users\tri\.stmcufinder\plugins\mcufinder
2025-11-01 22:51:59,745 [INFO] DbMcusJson:64 - Set database path to: C:\Users\tri\.stmcufinder\plugins\mcufinder//mcu/
2025-11-01 22:51:59,745 [WARN] DbFile:35 - Overriding database path with different value: C:\Users\tri\.stmcufinder\plugins\mcufinder/ => C:\Users\tri\.stmcufinder\plugins\mcufinder
2025-11-01 22:51:59,745 [INFO] DbBoardsDocs:110 - Set database path to: C:\Users\tri\.stmcufinder\plugins\mcufinder//mcu/
2025-11-01 22:51:59,745 [WARN] DbFile:35 - Overriding database path with different value: C:\Users\tri\.stmcufinder\plugins\mcufinder/ => C:\Users\tri\.stmcufinder\plugins\mcufinder
2025-11-01 22:51:59,745 [INFO] DbBoardsJson:57 - Set database path to: C:\Users\tri\.stmcufinder\plugins\mcufinder//mcu/
2025-11-01 22:51:59,745 [WARN] DbFile:35 - Overriding database path with different value: C:\Users\tri\.stmcufinder\plugins\mcufinder/ => C:\Users\tri\.stmcufinder\plugins\mcufinder
2025-11-01 22:51:59,745 [WARN] DbFile:35 - Overriding database path with different value: C:\Users\tri\.stmcufinder\plugins\mcufinder/ => C:\Users\tri\.stmcufinder\plugins\mcufinder
2025-11-01 22:52:00,592 [INFO] CrossReferenceDbSqlite:196 - Set database path to: C:\Users\tri\.stmcufinder\plugins\mcufinder//mcu/cs/
2025-11-01 22:52:00,592 [WARN] DbFile:35 - Overriding database path with different value: C:\Users\tri\.stmcufinder\plugins\mcufinder/ => C:\Users\tri\.stmcufinder\plugins\mcufinder
2025-11-01 22:52:00,594 [INFO] DbExamplesSqlite:767 - Set database path to: C:\Users\tri\.stmcufinder\plugins\mcufinder//mcu/
2025-11-01 22:52:00,666 [INFO] MainPanel:214 - HeapMemory: 268435456
2025-11-01 22:52:00,734 [INFO] DbMcusXml:74 - Set database path to: D:\STM32CubeIDE_1.7.0\STM32CubeIDE\plugins\com.st.stm32cube.common.mx_6.3.0.202107141111\\db\/mcu/
2025-11-01 22:52:00,734 [INFO] DbBoardsPdsc:56 - Set plugin database path to: D:\STM32CubeIDE_1.7.0\STM32CubeIDE\plugins\com.st.stm32cube.common.mx_6.3.0.202107141111\\db\/plugins/boardmanager/
2025-11-01 22:52:00,734 [INFO] DbMcus:258 - Set plugin images path to: D:\STM32CubeIDE_1.7.0\STM32CubeIDE\plugins\com.st.stm32cube.common.mx_6.3.0.202107141111\\db\/plugins/mcufinder/images/
2025-11-01 22:52:00,734 [INFO] DbBoards:264 - Set plugin images path to: D:\STM32CubeIDE_1.7.0\STM32CubeIDE\plugins\com.st.stm32cube.common.mx_6.3.0.202107141111\\db\/plugins/mcufinder/images/
2025-11-01 22:52:00,734 [INFO] DbExamples:333 - Set plugin images path to: D:\STM32CubeIDE_1.7.0\STM32CubeIDE\plugins\com.st.stm32cube.common.mx_6.3.0.202107141111\\db\/plugins/mcufinder/images/
2025-11-01 22:52:00,734 [WARN] DbFile:35 - Overriding database path with different value: C:\Users\tri\.stmcufinder\plugins\mcufinder/ => C:\Users\tri\.stmcufinder\plugins\mcufinder
2025-11-01 22:52:00,734 [INFO] DbMcusAds:119 - Set database path to: C:\Users\tri\.stmcufinder\plugins\mcufinder//mcu/
2025-11-01 22:52:00,734 [WARN] DbFile:35 - Overriding database path with different value: C:\Users\tri\.stmcufinder\plugins\mcufinder/ => C:\Users\tri\.stmcufinder\plugins\mcufinder
2025-11-01 22:52:00,734 [INFO] DbMcusDocs:110 - Set database path to: C:\Users\tri\.stmcufinder\plugins\mcufinder//mcu/
2025-11-01 22:52:00,734 [WARN] DbFile:35 - Overriding database path with different value: C:\Users\tri\.stmcufinder\plugins\mcufinder/ => C:\Users\tri\.stmcufinder\plugins\mcufinder
2025-11-01 22:52:00,734 [INFO] DbMcusJson:64 - Set database path to: C:\Users\tri\.stmcufinder\plugins\mcufinder//mcu/
2025-11-01 22:52:00,734 [WARN] DbFile:35 - Overriding database path with different value: C:\Users\tri\.stmcufinder\plugins\mcufinder/ => C:\Users\tri\.stmcufinder\plugins\mcufinder
2025-11-01 22:52:00,734 [INFO] DbBoardsDocs:110 - Set database path to: C:\Users\tri\.stmcufinder\plugins\mcufinder//mcu/
2025-11-01 22:52:00,734 [WARN] DbFile:35 - Overriding database path with different value: C:\Users\tri\.stmcufinder\plugins\mcufinder/ => C:\Users\tri\.stmcufinder\plugins\mcufinder
2025-11-01 22:52:00,734 [INFO] DbBoardsJson:57 - Set database path to: C:\Users\tri\.stmcufinder\plugins\mcufinder//mcu/
2025-11-01 22:52:00,734 [WARN] DbFile:35 - Overriding database path with different value: C:\Users\tri\.stmcufinder\plugins\mcufinder/ => C:\Users\tri\.stmcufinder\plugins\mcufinder
2025-11-01 22:52:00,734 [WARN] DbFile:35 - Overriding database path with different value: C:\Users\tri\.stmcufinder\plugins\mcufinder/ => C:\Users\tri\.stmcufinder\plugins\mcufinder
2025-11-01 22:52:01,584 [INFO] CrossReferenceDbSqlite:196 - Set database path to: C:\Users\tri\.stmcufinder\plugins\mcufinder//mcu/cs/
2025-11-01 22:52:01,584 [WARN] DbFile:35 - Overriding database path with different value: C:\Users\tri\.stmcufinder\plugins\mcufinder/ => C:\Users\tri\.stmcufinder\plugins\mcufinder
2025-11-01 22:52:01,584 [INFO] DbExamplesSqlite:767 - Set database path to: C:\Users\tri\.stmcufinder\plugins\mcufinder//mcu/
2025-11-01 22:52:01,614 [INFO] ApplicationProperties:181 - Using Application install path: D:\STM32CubeIDE_1.7.0\STM32CubeIDE\plugins\com.st.stm32cube.common.mx_6.3.0.202107141111
2025-11-01 22:52:01,614 [INFO] PluginManage:188 - Search for loadable plugins [exclusion list=, ]
2025-11-01 22:52:01,614 [INFO] PluginManage:302 - Check plugin analytics
2025-11-01 22:52:02,648 [INFO] AnalyticsPlugin:257 - Accepted Software Licenses: 
2025-11-01 22:52:02,648 [INFO] AnalyticsPlugin:259 - Accepted CMSIS Pack Licenses: 
2025-11-01 22:52:02,648 [INFO] AnalyticsPlugin:261 - Accepted Firmware Licenses: 
2025-11-01 22:52:02,648 [INFO] PluginManage:352 - Loaded plugin analytics (category:tool,tabindex:-1)
2025-11-01 22:52:02,648 [INFO] PluginManage:302 - Check plugin clock
2025-11-01 22:52:02,660 [INFO] PluginManage:352 - Loaded plugin clock (category:base,tabindex:2)
2025-11-01 22:52:02,660 [INFO] PluginManage:302 - Check plugin ddr
2025-11-01 22:52:02,664 [INFO] PluginManage:352 - Loaded plugin ddr (category:tool,tabindex:6)
2025-11-01 22:52:02,665 [INFO] PluginManage:302 - Check plugin filemanager
2025-11-01 22:52:02,781 [INFO] PluginManage:352 - Loaded plugin filemanager (category:base,tabindex:10)
2025-11-01 22:52:02,781 [INFO] PluginManage:302 - Check plugin ipmanager
2025-11-01 22:52:02,781 [INFO] PluginManage:352 - Loaded plugin ipmanager (category:base,tabindex:5)
2025-11-01 22:52:02,781 [INFO] PluginManage:302 - Check plugin pinoutandconfiguration
2025-11-01 22:52:02,799 [INFO] PluginManage:352 - Loaded plugin pinoutandconfiguration (category:base,tabindex:1)
2025-11-01 22:52:02,799 [INFO] PluginManage:302 - Check plugin pinoutconfig
2025-11-01 22:52:02,820 [INFO] PluginManage:352 - Loaded plugin pinoutconfig (category:base,tabindex:0)
2025-11-01 22:52:02,820 [INFO] PluginManage:302 - Check plugin power
2025-11-01 22:52:02,827 [INFO] PluginManage:352 - Loaded plugin power (category:power,tabindex:4)
2025-11-01 22:52:02,827 [INFO] PluginManage:302 - Check plugin projectmanager
2025-11-01 22:52:02,843 [INFO] PluginManage:352 - Loaded plugin projectmanager (category:projectmanager,tabindex:3)
2025-11-01 22:52:02,843 [INFO] PluginManage:302 - Check plugin thirdparty
2025-11-01 22:52:02,934 [WARN] IntegrityCheckThread:78 - waiting for thirdparty lock release [integrity check]
2025-11-01 22:52:02,934 [INFO] PluginManage:352 - Loaded plugin thirdparty (category:base,tabindex:-1)
2025-11-01 22:52:02,938 [INFO] IntegrityCheckThread:80 - entering critical section [integrity check]
2025-11-01 22:52:02,938 [INFO] PluginManage:302 - Check plugin tools
2025-11-01 22:52:02,938 [INFO] ThirdPartyUpdaterWithRetryManager:66 - Updater plugin not ready yet. [1/15]
2025-11-01 22:52:02,938 [INFO] PluginManage:352 - Loaded plugin tools (category:base,tabindex:7)
2025-11-01 22:52:02,938 [INFO] PluginManage:302 - Check plugin tutovideos
2025-11-01 22:52:03,107 [INFO] PluginManage:352 - Loaded plugin tutovideos (category:base,tabindex:-1)
2025-11-01 22:52:03,107 [INFO] PluginManage:302 - Check plugin updater
2025-11-01 22:52:03,112 [INFO] PluginManage:352 - Loaded plugin updater (category:base,tabindex:12)
2025-11-01 22:52:03,112 [INFO] PluginManage:275 - PluginManage : Loaded plugins [13]
2025-11-01 22:52:03,260 [INFO] PinOutPanel:1463 - setPackage(No Configuration,No Configuration)
2025-11-01 22:52:03,318 [INFO] IPUIPlugin:74 - create IPUIPlugin
2025-11-01 22:52:03,318 [INFO] PluginManager:213 - loadIPPluginJar : add adc
2025-11-01 22:52:03,318 [INFO] IPUIPlugin:74 - create IPUIPlugin
2025-11-01 22:52:03,318 [INFO] PluginManager:213 - loadIPPluginJar : add aes
2025-11-01 22:52:03,331 [INFO] IPUIPlugin:74 - create IPUIPlugin
2025-11-01 22:52:03,331 [INFO] PluginManager:213 - loadIPPluginJar : add can
2025-11-01 22:52:03,334 [INFO] IPUIPlugin:74 - create IPUIPlugin
2025-11-01 22:52:03,334 [INFO] PluginManager:213 - loadIPPluginJar : add comp
2025-11-01 22:52:03,334 [INFO] IPUIPlugin:74 - create IPUIPlugin
2025-11-01 22:52:03,334 [INFO] PluginManager:213 - loadIPPluginJar : add cryp
2025-11-01 22:52:03,334 [INFO] IPUIPlugin:74 - create IPUIPlugin
2025-11-01 22:52:03,334 [INFO] PluginManager:213 - loadIPPluginJar : add dfsdm
2025-11-01 22:52:03,334 [INFO] IPUIPlugin:74 - create IPUIPlugin
2025-11-01 22:52:03,334 [INFO] PluginManager:213 - loadIPPluginJar : add dma
2025-11-01 22:52:03,334 [INFO] IPUIPlugin:74 - create IPUIPlugin
2025-11-01 22:52:03,334 [INFO] PluginManager:213 - loadIPPluginJar : add dma3
2025-11-01 22:52:03,334 [INFO] IPUIPlugin:74 - create IPUIPlugin
2025-11-01 22:52:03,334 [INFO] PluginManager:213 - loadIPPluginJar : add fatfs
2025-11-01 22:52:03,350 [INFO] IPUIPlugin:74 - create IPUIPlugin
2025-11-01 22:52:03,350 [INFO] PluginManager:213 - loadIPPluginJar : add fmc
2025-11-01 22:52:03,352 [INFO] IPUIPlugin:74 - create IPUIPlugin
2025-11-01 22:52:03,352 [INFO] PluginManager:213 - loadIPPluginJar : add freertos
2025-11-01 22:52:03,356 [INFO] IPUIPlugin:74 - create IPUIPlugin
2025-11-01 22:52:03,356 [INFO] PluginManager:213 - loadIPPluginJar : add genericplugin
2025-11-01 22:52:03,357 [INFO] IPUIPlugin:74 - create IPUIPlugin
2025-11-01 22:52:03,357 [INFO] PluginManager:213 - loadIPPluginJar : add gfxmmu
2025-11-01 22:52:03,363 [INFO] IPUIPlugin:74 - create IPUIPlugin
2025-11-01 22:52:03,363 [INFO] PluginManager:213 - loadIPPluginJar : add gic
2025-11-01 22:52:03,365 [INFO] IPUIPlugin:74 - create IPUIPlugin
2025-11-01 22:52:03,365 [INFO] PluginManager:213 - loadIPPluginJar : add gpio
2025-11-01 22:52:03,367 [INFO] IPUIPlugin:74 - create IPUIPlugin
2025-11-01 22:52:03,367 [INFO] PluginManager:213 - loadIPPluginJar : add gtzc
2025-11-01 22:52:03,367 [INFO] IPUIPlugin:74 - create IPUIPlugin
2025-11-01 22:52:03,367 [INFO] PluginManager:213 - loadIPPluginJar : add hash
2025-11-01 22:52:03,367 [INFO] IPUIPlugin:74 - create IPUIPlugin
2025-11-01 22:52:03,367 [INFO] PluginManager:213 - loadIPPluginJar : add i2c
2025-11-01 22:52:03,367 [INFO] IPUIPlugin:74 - create IPUIPlugin
2025-11-01 22:52:03,367 [INFO] PluginManager:213 - loadIPPluginJar : add i2s
2025-11-01 22:52:03,367 [INFO] IPUIPlugin:74 - create IPUIPlugin
2025-11-01 22:52:03,367 [INFO] PluginManager:213 - loadIPPluginJar : add ipddr
2025-11-01 22:52:03,381 [INFO] IPUIPlugin:74 - create IPUIPlugin
2025-11-01 22:52:03,381 [INFO] PluginManager:213 - loadIPPluginJar : add linkedlist
2025-11-01 22:52:03,381 [INFO] IPUIPlugin:74 - create IPUIPlugin
2025-11-01 22:52:03,381 [INFO] PluginManager:213 - loadIPPluginJar : add lorawan
2025-11-01 22:52:03,381 [INFO] IPUIPlugin:74 - create IPUIPlugin
2025-11-01 22:52:03,381 [INFO] PluginManager:213 - loadIPPluginJar : add ltdc
2025-11-01 22:52:03,381 [INFO] IPUIPlugin:74 - create IPUIPlugin
2025-11-01 22:52:03,381 [INFO] PluginManager:213 - loadIPPluginJar : add mdma
2025-11-01 22:52:03,381 [INFO] IPUIPlugin:74 - create IPUIPlugin
2025-11-01 22:52:03,381 [INFO] PluginManager:213 - loadIPPluginJar : add nvic
2025-11-01 22:52:03,381 [INFO] IPUIPlugin:74 - create IPUIPlugin
2025-11-01 22:52:03,381 [INFO] PluginManager:213 - loadIPPluginJar : add opamp
2025-11-01 22:52:03,381 [INFO] IPUIPlugin:74 - create IPUIPlugin
2025-11-01 22:52:03,381 [INFO] PluginManager:213 - loadIPPluginJar : add openamp
2025-11-01 22:52:03,397 [INFO] IPUIPlugin:74 - create IPUIPlugin
2025-11-01 22:52:03,397 [INFO] PluginManager:213 - loadIPPluginJar : add pdm2pcm
2025-11-01 22:52:03,397 [INFO] IPUIPlugin:74 - create IPUIPlugin
2025-11-01 22:52:03,397 [INFO] PluginManager:213 - loadIPPluginJar : add plateformsettings
2025-11-01 22:52:03,407 [INFO] IPUIPlugin:74 - create IPUIPlugin
2025-11-01 22:52:03,407 [INFO] PluginManager:213 - loadIPPluginJar : add quadspi
2025-11-01 22:52:03,407 [INFO] IPUIPlugin:74 - create IPUIPlugin
2025-11-01 22:52:03,407 [INFO] PluginManager:213 - loadIPPluginJar : add resmgrutility
2025-11-01 22:52:03,413 [INFO] IPUIPlugin:74 - create IPUIPlugin
2025-11-01 22:52:03,413 [INFO] PluginManager:213 - loadIPPluginJar : add sai
2025-11-01 22:52:03,413 [INFO] IPUIPlugin:74 - create IPUIPlugin
2025-11-01 22:52:03,413 [INFO] PluginManager:213 - loadIPPluginJar : add spi
2025-11-01 22:52:03,413 [INFO] IPUIPlugin:74 - create IPUIPlugin
2025-11-01 22:52:03,413 [INFO] PluginManager:213 - loadIPPluginJar : add stm32_wpan
2025-11-01 22:52:03,413 [INFO] IPUIPlugin:74 - create IPUIPlugin
2025-11-01 22:52:03,413 [INFO] PluginManager:213 - loadIPPluginJar : add tim
2025-11-01 22:52:03,413 [INFO] IPUIPlugin:74 - create IPUIPlugin
2025-11-01 22:52:03,413 [INFO] PluginManager:213 - loadIPPluginJar : add touchsensing
2025-11-01 22:52:03,413 [INFO] IPUIPlugin:74 - create IPUIPlugin
2025-11-01 22:52:03,413 [INFO] PluginManager:213 - loadIPPluginJar : add tracer_emb
2025-11-01 22:52:03,413 [INFO] IPUIPlugin:74 - create IPUIPlugin
2025-11-01 22:52:03,413 [INFO] PluginManager:213 - loadIPPluginJar : add ts
2025-11-01 22:52:03,413 [INFO] IPUIPlugin:74 - create IPUIPlugin
2025-11-01 22:52:03,413 [INFO] PluginManager:213 - loadIPPluginJar : add tsc
2025-11-01 22:52:03,413 [INFO] IPUIPlugin:74 - create IPUIPlugin
2025-11-01 22:52:03,413 [INFO] PluginManager:213 - loadIPPluginJar : add ucpd
2025-11-01 22:52:03,429 [INFO] IPUIPlugin:74 - create IPUIPlugin
2025-11-01 22:52:03,429 [INFO] PluginManager:213 - loadIPPluginJar : add usart
2025-11-01 22:52:03,429 [INFO] IPUIPlugin:74 - create IPUIPlugin
2025-11-01 22:52:03,429 [INFO] PluginManager:213 - loadIPPluginJar : add usbx
2025-11-01 22:52:03,689 [FATAL] Updater:294 - Updater called before beeing initialized
2025-11-01 22:52:03,768 [FATAL] Updater:294 - Updater called before beeing initialized
2025-11-01 22:52:03,773 [INFO] DbMcusAds:47 - JSON generation date=Thu Oct 02 16:36:05 ICT 2025 (1759397765645)
2025-11-01 22:52:03,773 [FATAL] Updater:294 - Updater called before beeing initialized
2025-11-01 22:52:03,804 [WARN] DetailPanel:314 - Failed to get advertising image, set to default
2025-11-01 22:52:03,874 [FATAL] Updater:294 - Updater called before beeing initialized
2025-11-01 22:52:03,874 [FATAL] Updater:294 - Updater called before beeing initialized
2025-11-01 22:52:03,874 [FATAL] Updater:294 - Updater called before beeing initialized
2025-11-01 22:52:03,874 [WARN] DetailPanel:314 - Failed to get advertising image, set to default
2025-11-01 22:52:03,878 [FATAL] Updater:294 - Updater called before beeing initialized
2025-11-01 22:52:03,910 [ERROR] Updater:1075 - MainUpdater not yet initialized. External WinMGr cannot be set.
2025-11-01 22:52:03,910 [INFO] Updater:1012 - Updater Version found : 6.3.0
2025-11-01 22:52:03,930 [INFO] ApplicationProperties:181 - Using Application install path: D:\STM32CubeIDE_1.7.0\STM32CubeIDE\plugins\com.st.stm32cube.common.mx_6.3.0.202107141111
2025-11-01 22:52:05,173 [INFO] MainUpdater:2671 - connection check result : 10
2025-11-01 22:52:05,187 [INFO] MainUpdater:265 - Updater Check For Update Now.
2025-11-01 22:52:05,187 [INFO] MicroXplorer:478 - Change Database Version : DB.6.0.30
2025-11-01 22:52:05,355 [INFO] CheckServerUpdateThread:112 - End of CheckServer Thread
2025-11-01 22:52:05,413 [INFO] MainUpdater:2671 - connection check result : 10
2025-11-01 22:52:05,592 [INFO] McuFinderGlobals:52 - Set McuFinderConnectedMode to false
2025-11-01 22:52:05,699 [INFO] CrossSelectorPresenter:1330 - Cross Selector saved comparison directory: C:\Users\tri\.stmcufinder\plugins\mcufinder\mcu\cs_comparisons_mx
2025-11-01 22:52:05,702 [INFO] MultiScanPanel:197 - Auto-refresh data requested => check proxy status ongoing
2025-11-01 22:52:05,706 [INFO] MultiScanPanel:201 - Proxy status is invalid
2025-11-01 22:52:05,706 [INFO] FinderPluginLoader:87 - Searching for filters in installed packs
2025-11-01 22:52:05,706 [INFO] DbMcusXml:100 - Load MCU database from D:\STM32CubeIDE_1.7.0\STM32CubeIDE\plugins\com.st.stm32cube.common.mx_6.3.0.202107141111\\db\/mcu/families.xml
2025-11-01 22:52:06,082 [ERROR] Engine:463 - C:\Users\tri\.stm32cubemx\thirdparties\pdsc\STMicroelectronics.FP-SNS-MOTENVWB1.1.4.0.pdsc: PDSC version is not supported
2025-11-01 22:52:06,108 [WARN] PackLoader:238 - Cannot read IP mode file for STMicroelectronics.FP-ATR-ASTRA1.2.0.2
2025-11-01 22:52:06,112 [ERROR] Engine:463 - C:\Users\tri\.stm32cubemx\thirdparties\pdsc\STMicroelectronics.X-CUBE-SMBUS.2.1.0.pdsc: PDSC version is not supported
2025-11-01 22:52:06,114 [ERROR] Engine:463 - C:\Users\tri\.stm32cubemx\thirdparties\pdsc\STMicroelectronics.X-CUBE-ST60.1.0.0.pdsc: PDSC version is not supported
2025-11-01 22:52:06,145 [WARN] PackLoader:238 - Cannot read IP mode file for STMicroelectronics.X-CUBE-AZRTOS-F7.1.1.0
2025-11-01 22:52:06,152 [ERROR] Engine:463 - C:\Users\tri\.stm32cubemx\thirdparties\pdsc\STMicroelectronics.FP-SNS-MOTENV1.5.1.0.pdsc: PDSC version is not supported
2025-11-01 22:52:06,156 [ERROR] Engine:463 - C:\Users\tri\.stm32cubemx\thirdparties\pdsc\WES.I-CUBE-Cesium.1.4.0.pdsc: PDSC version is not supported
2025-11-01 22:52:06,161 [ERROR] Engine:463 - C:\Users\tri\.stm32cubemx\thirdparties\pdsc\Infineon.AIROC-Wi-Fi-Bluetooth-STM32.1.7.1.pdsc: PDSC version is not supported
2025-11-01 22:52:06,180 [WARN] PackLoader:238 - Cannot read IP mode file for STMicroelectronics.X-CUBE-AZRTOS-H7.3.4.0
2025-11-01 22:52:06,193 [ERROR] Engine:463 - C:\Users\tri\.stm32cubemx\thirdparties\pdsc\STMicroelectronics.X-CUBE-DISPLAY.3.0.0.pdsc: PDSC version is not supported
2025-11-01 22:52:06,200 [WARN] PackLoader:238 - Cannot read IP mode file for STMicroelectronics.X-CUBE-NFC10.1.0.0
2025-11-01 22:52:06,204 [ERROR] Engine:463 - C:\Users\tri\.stm32cubemx\thirdparties\pdsc\STMicroelectronics.X-CUBE-ST60.1.1.0.pdsc: PDSC version is not supported
2025-11-01 22:52:06,204 [ERROR] Engine:463 - C:\Users\tri\.stm32cubemx\thirdparties\pdsc\emotas.I-CUBE-CANOPEN.1.3.0.pdsc: PDSC version is not supported
2025-11-01 22:52:06,211 [WARN] PackLoader:238 - Cannot read IP mode file for STMicroelectronics.X-CUBE-GNSS1.7.1.0
2025-11-01 22:52:06,215 [ERROR] Engine:463 - C:\Users\tri\.stm32cubemx\thirdparties\pdsc\STMicroelectronics.FP-SNS-STBOX1.2.1.0.pdsc: PDSC version is not supported
2025-11-01 22:52:06,215 [ERROR] Engine:463 - C:\Users\tri\.stm32cubemx\thirdparties\pdsc\STMicroelectronics.FP-SNS-SMARTAG2.1.2.0.pdsc: PDSC version is not supported
2025-11-01 22:52:06,221 [ERROR] Engine:463 - C:\Users\tri\.stm32cubemx\thirdparties\pdsc\STMicroelectronics.FP-SNS-FLIGHT1.5.1.0.pdsc: PDSC version is not supported
2025-11-01 22:52:06,235 [INFO] LogOutputStream:76 - [STDOUT_REDIRECT] 1 : Invalid condition id : UX_CORESTACK_Condition cause : null
2025-11-01 22:52:06,235 [INFO] LogOutputStream:76 - [STDOUT_REDIRECT] 1 : Invalid condition id : UX_CORESTACK_Condition cause : null
2025-11-01 22:52:06,235 [INFO] LogOutputStream:76 - [STDOUT_REDIRECT] 1 : Invalid condition id : UX_CORESTACK_Condition cause : null
2025-11-01 22:52:06,241 [INFO] LogOutputStream:76 - [STDOUT_REDIRECT] 1 : Invalid condition id : UX_CORESTACK_Condition cause : null
2025-11-01 22:52:06,241 [INFO] LogOutputStream:76 - [STDOUT_REDIRECT] 1 : Invalid condition id : UX_CORESTACK_Condition cause : null
2025-11-01 22:52:06,243 [WARN] PackLoader:238 - Cannot read IP mode file for STMicroelectronics.X-CUBE-AZRTOS-WL.2.0.0
2025-11-01 22:52:06,247 [ERROR] Engine:463 - C:\Users\tri\.stm32cubemx\thirdparties\pdsc\STMicroelectronics.FP-SNS-MOTENV1.5.0.0.pdsc: PDSC version is not supported
2025-11-01 22:52:06,253 [WARN] PackLoader:238 - Cannot read IP mode file for STMicroelectronics.X-CUBE-BLE2.3.3.0
2025-11-01 22:52:06,261 [WARN] PackLoader:238 - Cannot read IP mode file for STMicroelectronics.X-CUBE-NFC9.1.0.0
2025-11-01 22:52:06,267 [WARN] PackLoader:238 - Cannot read IP mode file for wolfSSL.I-CUBE-wolfSSL.5.8.2
2025-11-01 22:52:06,273 [WARN] PackLoader:238 - Cannot read IP mode file for STMicroelectronics.X-CUBE-BLE1.7.1.0
2025-11-01 22:52:06,277 [WARN] PackLoader:238 - Cannot read IP mode file for wolfSSL.I-CUBE-wolfMQTT.1.19.2
2025-11-01 22:52:06,279 [WARN] PackLoader:238 - Cannot read IP mode file for STMicroelectronics.X-CUBE-EEPRMA1.5.2.0
2025-11-01 22:52:06,287 [ERROR] Engine:463 - C:\Users\tri\.stm32cubemx\thirdparties\pdsc\STMicroelectronics.X-CUBE-ST67W61.1.1.0.pdsc: PDSC version is not supported
2025-11-01 22:52:06,288 [INFO] DbMcusJson:93 - JSON generation date=Tue Nov 16 23:17:54 ICT 2021 (1637079474)
2025-11-01 22:52:06,298 [WARN] PackLoader:238 - Cannot read IP mode file for STMicroelectronics.X-CUBE-AZRTOS-G0.1.1.0
2025-11-01 22:52:06,304 [WARN] PackLoader:238 - Cannot read IP mode file for STMicroelectronics.X-CUBE-SAFEA1.1.2.2
2025-11-01 22:52:06,315 [WARN] PackLoader:238 - Cannot read IP mode file for STMicroelectronics.X-CUBE-NFC4.3.0.0
2025-11-01 22:52:06,320 [ERROR] Engine:463 - C:\Users\tri\.stm32cubemx\thirdparties\pdsc\EmbeddedOffice.I-CUBE-FS-RTOS.1.0.1.pdsc: PDSC version is not supported
2025-11-01 22:52:06,324 [WARN] PackLoader:238 - Cannot read IP mode file for STMicroelectronics.X-CUBE-WB05N.2.0.0
2025-11-01 22:52:06,328 [WARN] PackLoader:238 - Cannot read IP mode file for wolfSSL.I-CUBE-wolfTPM.3.8.0
2025-11-01 22:52:06,330 [ERROR] Engine:463 - C:\Users\tri\.stm32cubemx\thirdparties\pdsc\STMicroelectronics.X-CUBE-TCPP.4.2.0.pdsc: PDSC version is not supported
2025-11-01 22:52:06,342 [ERROR] Engine:463 - C:\Users\tri\.stm32cubemx\thirdparties\pdsc\RealThread.X-CUBE-RT-Thread_Nano.4.1.1.pdsc: PDSC version is not supported
2025-11-01 22:52:06,342 [WARN] PackLoader:238 - Cannot read IP mode file for STMicroelectronics.FP-ATR-SIGFOX1.3.2.0
2025-11-01 22:52:06,342 [ERROR] Engine:463 - C:\Users\tri\.stm32cubemx\thirdparties\pdsc\ITTIA_DB.I-CUBE-ITTIADB.8.9.0.pdsc: PDSC version is not supported
2025-11-01 22:52:06,342 [ERROR] Engine:463 - C:\Users\tri\.stm32cubemx\thirdparties\pdsc\STMicroelectronics.X-CUBE-ST67W61.1.0.0.pdsc: PDSC version is not supported
2025-11-01 22:52:06,351 [WARN] PackLoader:238 - Cannot read IP mode file for STMicroelectronics.X-CUBE-AI.10.2.0
2025-11-01 22:52:06,377 [WARN] PackLoader:238 - Cannot read IP mode file for SEGGER.I-CUBE-embOS.1.3.1
2025-11-01 22:52:06,415 [WARN] PackLoader:238 - Cannot read IP mode file for STMicroelectronics.X-CUBE-ALGOBUILD.1.4.0
2025-11-01 22:52:06,462 [WARN] PackLoader:238 - Cannot read IP mode file for STMicroelectronics.X-CUBE-MEMS1.11.3.0
2025-11-01 22:52:06,621 [WARN] PackLoader:238 - Cannot read IP mode file for STMicroelectronics.X-CUBE-PM33A1.1.0.0
2025-11-01 22:52:06,636 [WARN] PackLoader:238 - Cannot read IP mode file for STMicroelectronics.X-CUBE-AZRTOS-F4.1.1.0
2025-11-01 22:52:06,636 [ERROR] Engine:463 - C:\Users\tri\.stm32cubemx\thirdparties\pdsc\Avnet-IotConnect.X-CUBE-IoTC-DA16k-PMOD.1.0.0.pdsc: PDSC version is not supported
2025-11-01 22:52:06,636 [WARN] PackLoader:238 - Cannot read IP mode file for STMicroelectronics.X-CUBE-ISPU.2.1.0
2025-11-01 22:52:06,652 [ERROR] Engine:463 - C:\Users\tri\.stm32cubemx\thirdparties\pdsc\STMicroelectronics.X-CUBE-IPS.3.2.0.pdsc: PDSC version is not supported
2025-11-01 22:52:06,652 [WARN] PackLoader:238 - Cannot read IP mode file for STMicroelectronics.X-CUBE-NFC12.1.0.0
2025-11-01 22:52:06,668 [WARN] PackLoader:238 - Cannot read IP mode file for STMicroelectronics.X-CUBE-AZRTOS-L5.2.0.0
2025-11-01 22:52:06,686 [WARN] PackLoader:238 - Cannot read IP mode file for STMicroelectronics.X-CUBE-NFC6.3.1.0
2025-11-01 22:52:06,688 [ERROR] Engine:463 - C:\Users\tri\.stm32cubemx\thirdparties\pdsc\STMicroelectronics.X-CUBE-FREERTOS.1.3.1.pdsc: PDSC version is not supported
2025-11-01 22:52:06,688 [WARN] PackLoader:238 - Cannot read IP mode file for STMicroelectronics.X-CUBE-TOUCHGFX.4.26.0
2025-11-01 22:52:06,688 [ERROR] Engine:463 - C:\Users\tri\.stm32cubemx\thirdparties\pdsc\STMicroelectronics.FP-SNS-STAIOTCFT.1.0.0.pdsc: PDSC version is not supported
2025-11-01 22:52:06,688 [ERROR] Engine:463 - C:\Users\tri\.stm32cubemx\thirdparties\pdsc\STMicroelectronics.X-CUBE-DPower.1.3.0.pdsc: PDSC version is not supported
2025-11-01 22:52:06,710 [WARN] ConditionMgr:437 - getConditionDescription Invalid condition id : LAN8742 Phy interface Condition cause : null
2025-11-01 22:52:06,710 [WARN] PackLoader:238 - Cannot read IP mode file for STMicroelectronics.X-CUBE-AZRTOS-L4.2.0.0
2025-11-01 22:52:06,710 [WARN] ConditionMgr:1038 - genDependencies : Invalid condition id : LAN8742 Phy interface Condition cause : null
2025-11-01 22:52:06,710 [WARN] ConditionMgr:1038 - genDependencies : Invalid condition id : LAN8742 Phy interface Condition cause : null
2025-11-01 22:52:06,710 [WARN] ConditionMgr:1038 - genDependencies : Invalid condition id : LAN8742 Phy interface Condition cause : null
2025-11-01 22:52:06,716 [WARN] PackLoader:238 - Cannot read IP mode file for STMicroelectronics.X-CUBE-SFXS2LP1.4.0.0
2025-11-01 22:52:06,716 [ERROR] Engine:463 - C:\Users\tri\.stm32cubemx\thirdparties\pdsc\STMicroelectronics.X-CUBE-BLEMGR.4.1.0.pdsc: PDSC version is not supported
2025-11-01 22:52:06,731 [WARN] ConditionMgr:437 - getConditionDescription Invalid condition id : UX DEVICE CLASS RTOS Condition cause : null
2025-11-01 22:52:06,731 [WARN] ConditionMgr:437 - getConditionDescription Invalid condition id : UX DEVICE CLASS RTOS Condition cause : null
2025-11-01 22:52:06,731 [WARN] PackLoader:238 - Cannot read IP mode file for STMicroelectronics.X-CUBE-AZRTOS-WB.2.0.0
2025-11-01 22:52:06,731 [WARN] ConditionMgr:1038 - genDependencies : Invalid condition id : UX DEVICE CLASS RTOS Condition cause : null
2025-11-01 22:52:06,731 [WARN] ConditionMgr:1038 - genDependencies : Invalid condition id : UX DEVICE CLASS RTOS Condition cause : null
2025-11-01 22:52:06,737 [WARN] ConditionMgr:1038 - genDependencies : Invalid condition id : UX DEVICE CLASS RTOS Condition cause : null
2025-11-01 22:52:06,737 [WARN] ConditionMgr:1038 - genDependencies : Invalid condition id : UX DEVICE CLASS RTOS Condition cause : null
2025-11-01 22:52:06,737 [WARN] ConditionMgr:1038 - genDependencies : Invalid condition id : UX DEVICE CLASS RTOS Condition cause : null
2025-11-01 22:52:06,737 [WARN] PackLoader:238 - Cannot read IP mode file for STMicroelectronics.X-CUBE-GNSS1.7.0.1
2025-11-01 22:52:06,737 [WARN] PackLoader:238 - Cannot read IP mode file for STMicroelectronics.X-CUBE-TOUCHGFX.4.25.0
2025-11-01 22:52:06,737 [ERROR] Engine:463 - C:\Users\tri\.stm32cubemx\thirdparties\pdsc\quantropi.X-CUBE-qispace-sdk-base.2.1.0.pdsc: PDSC version is not supported
2025-11-01 22:52:06,748 [INFO] DbMcus:175 - Found 1951 MCUs (1903 are supported by CubeMX, 1914 are visible in CubeMX)
2025-11-01 22:52:06,748 [INFO] ApiDb:251 - Load user favorites file C:\Users\tri/.stm32cubeide/favorites.mcus.txt: 0 item(s)
2025-11-01 22:52:06,748 [INFO] ApiDb:255 - User favorites MCUs=[]
2025-11-01 22:52:06,748 [INFO] DbMcus:187 - Set 0 / 0 favorites MCUs
2025-11-01 22:52:06,755 [WARN] PackLoader:238 - Cannot read IP mode file for STMicroelectronics.X-CUBE-SUBG2.5.0.0
2025-11-01 22:52:06,777 [WARN] PackLoader:238 - Cannot read IP mode file for STMicroelectronics.X-CUBE-AZRTOS-H7RS.1.1.0
2025-11-01 22:52:06,779 [ERROR] Engine:463 - C:\Users\tri\.stm32cubemx\thirdparties\pdsc\Cesanta.I-CUBE-Mongoose.7.13.0.pdsc: PDSC version is not supported
2025-11-01 22:52:06,790 [WARN] PackLoader:238 - Cannot read IP mode file for STMicroelectronics.X-CUBE-AZRTOS-G4.2.0.0
2025-11-01 22:52:06,794 [WARN] PackLoader:238 - Cannot read IP mode file for wolfSSL.I-CUBE-wolfSSH.1.4.20
2025-11-01 22:52:06,802 [WARN] PackLoader:238 - Cannot read IP mode file for STMicroelectronics.X-CUBE-NFC7.2.0.0
2025-11-01 22:52:06,805 [ERROR] Engine:463 - C:\Users\tri\.stm32cubemx\thirdparties\pdsc\STMicroelectronics.X-CUBE-IPS.3.1.0.pdsc: PDSC version is not supported
2025-11-01 22:52:06,810 [ERROR] Engine:463 - C:\Users\tri\.stm32cubemx\thirdparties\pdsc\STMicroelectronics.X-CUBE-ALS.1.0.2.pdsc: PDSC version is not supported
2025-11-01 22:52:06,813 [WARN] PackLoader:238 - Cannot read IP mode file for STMicroelectronics.X-CUBE-STSE01.1.0.0
2025-11-01 22:52:06,819 [ERROR] Engine:463 - C:\Users\tri\.stm32cubemx\thirdparties\pdsc\STMicroelectronics.X-CUBE-TOF1.3.4.3.pdsc: PDSC version is not supported
2025-11-01 22:52:06,819 [INFO] ThirdParty:915 - Integrity check success = true
2025-11-01 22:52:06,819 [INFO] IntegrityCheckThread:94 - exiting critical section [integrity check]
2025-11-01 22:52:06,821 [INFO] IntegrityCheckThread:97 - End integrity checks thread
2025-11-01 22:52:07,173 [INFO] DetailPanel:309 - Set advertising image to C:/Users/tri/STM32Cube/Repository/\en.mcu-finder-stm32n6dk.jpg
2025-11-01 22:52:07,569 [INFO] DbBoardsPdsc:90 - Found 25 items
2025-11-01 22:52:07,569 [INFO] DbBoardsPdsc:90 - Found 9 items
2025-11-01 22:52:07,569 [INFO] DbBoardsPdsc:90 - Found 33 items
2025-11-01 22:52:07,569 [INFO] DbBoardsPdsc:90 - Found 1 items
2025-11-01 22:52:07,578 [INFO] DbBoardsPdsc:90 - Found 48 items
2025-11-01 22:52:07,586 [INFO] DbBoardsPdsc:90 - Found 43 items
2025-11-01 22:52:07,586 [INFO] DbBoardsPdsc:90 - Found 2 items
2025-11-01 22:52:07,586 [INFO] DbBoardsPdsc:90 - Found 5 items
2025-11-01 22:52:07,605 [WARN] DbBoardsPdsc:254 - Board STM32H7B3I-DK: unknown feature type=Audio, name=, username=Audio stereo codec with Headphone Amp (CS42L51-CNZ), n=1
2025-11-01 22:52:07,605 [WARN] DbBoardsPdsc:254 - Board STM32H735G-DK: unknown feature type=Audio, name=, username=Audio stereo codec with Headphone Amp (WM8994ECS/R), n=1
2025-11-01 22:52:07,605 [WARN] DbBoardsPdsc:254 - Board STM32H7B3I-EVAL: unknown feature type=Audio, name=, username=Multi-Channel Audio Codec (CS42L51-CNZ), n=1
2025-11-01 22:52:07,605 [WARN] DbBoardsPdsc:254 - Board STM32H7B3I-EVAL: unknown feature type=Meter, name=, username=Power-metering and Temperature-monitoring with sigma-delta modulators, n=1
2025-11-01 22:52:07,605 [WARN] DbBoardsPdsc:254 - Board STM32H7B3I-EVAL: unknown feature type=Motor, name=, username=Motor Control, n=1
2025-11-01 22:52:07,608 [WARN] DbBoardsPdsc:254 - Board STM32U575I-EV: unknown feature type=joystick, name=, username=4-direction joystick with selection button, n=1
2025-11-01 22:52:07,617 [INFO] DbBoardsJson:86 - JSON generation date=Tue Nov 16 23:17:54 ICT 2021 (1637079474)
2025-11-01 22:52:07,625 [INFO] DbBoards:117 - Found 167 boards (163 are supported by CubeMX)
2025-11-01 22:52:07,625 [INFO] DbBoardsDocs:143 - JSON generation date=Tue Nov 16 23:17:54 ICT 2021 (1637079474)
2025-11-01 22:52:07,625 [INFO] DbBoardsDocs:79 - Found 209 boards documents
2025-11-01 22:52:07,625 [WARN] DbBoards:127 - board B-L475E-IOT01A2 has no document id list !
2025-11-01 22:52:07,625 [WARN] DbBoards:127 - board NUCLEO-H743ZI has no document id list !
2025-11-01 22:52:07,625 [WARN] DbBoards:127 - board NUCLEO-WL55JC2 has no document id list !
2025-11-01 22:52:07,625 [WARN] DbBoards:127 - board P-NUCLEO-WB55-Nucleo has no document id list !
2025-11-01 22:52:07,625 [WARN] DbBoards:127 - board P-NUCLEO-WB55-USBDongle has no document id list !
2025-11-01 22:52:07,625 [WARN] DbBoards:127 - board STEVAL-BFA001V1B has no document id list !
2025-11-01 22:52:07,625 [WARN] DbBoards:127 - board STEVAL-BFA001V2B has no document id list !
2025-11-01 22:52:07,625 [WARN] DbBoards:127 - board STEVAL-IDP005V1 has no document id list !
2025-11-01 22:52:07,625 [WARN] DbBoards:127 - board STEVAL-IDP005V2 has no document id list !
2025-11-01 22:52:07,625 [WARN] DbBoards:127 - board STEVAL-MKSBOX1V1 has no document id list !
2025-11-01 22:52:07,625 [WARN] DbBoards:127 - board STEVAL-STWINKT1 has no document id list !
2025-11-01 22:52:07,625 [WARN] DbBoards:127 - board STEVAL-STWINKT1B has no document id list !
2025-11-01 22:52:07,625 [WARN] DbBoards:127 - board STM32439I-EVAL2 has no document id list !
2025-11-01 22:52:07,625 [WARN] DbBoards:127 - board STM32F401C-DISCO has no document id list !
2025-11-01 22:52:07,633 [WARN] DbBoards:127 - board STM32F769I-DISC1 has no document id list !
2025-11-01 22:52:07,633 [WARN] DbBoards:127 - board STM32G474E-EVAL1 has no document id list !
2025-11-01 22:52:07,633 [WARN] DbBoards:127 - board STM32H743I-EVAL2 has no document id list !
2025-11-01 22:52:07,633 [WARN] DbBoards:127 - board STM32H747I-DISC1 has no document id list !
2025-11-01 22:52:07,633 [WARN] DbBoards:127 - board STM32H753I-EVAL2 has no document id list !
2025-11-01 22:52:07,633 [WARN] DbBoards:127 - board STM32L-DISCOVERY has no document id list !
2025-11-01 22:52:07,728 [ERROR] DbBoards:189 - Image file not found for board B-U585I-IOT02A: D:\STM32CubeIDE_1.7.0\STM32CubeIDE\plugins\com.st.stm32cube.common.mx_6.3.0.202107141111\\db\/plugins/mcufinder/images/boards/B-U585I-IOT02A_small.jpg
2025-11-01 22:52:07,807 [ERROR] DbBoards:189 - Image file not found for board NUCLEO-F413ZH: D:\STM32CubeIDE_1.7.0\STM32CubeIDE\plugins\com.st.stm32cube.common.mx_6.3.0.202107141111\\db\/plugins/mcufinder/images/boards/nucleo-f413zh_small.jpg
2025-11-01 22:52:07,953 [ERROR] DbBoards:189 - Image file not found for board NUCLEO-L552ZE-Q: D:\STM32CubeIDE_1.7.0\STM32CubeIDE\plugins\com.st.stm32cube.common.mx_6.3.0.202107141111\\db\/plugins/mcufinder/images/boards/nucleo_l552ze_q_small.jpg
2025-11-01 22:52:07,953 [ERROR] DbBoards:189 - Image file not found for board NUCLEO-U575ZI-Q: D:\STM32CubeIDE_1.7.0\STM32CubeIDE\plugins\com.st.stm32cube.common.mx_6.3.0.202107141111\\db\/plugins/mcufinder/images/boards/nucleo-u575zi-q_small.jpg
2025-11-01 22:52:07,953 [ERROR] DbBoards:189 - Image file not found for board NUCLEO-WB15CC: D:\STM32CubeIDE_1.7.0\STM32CubeIDE\plugins\com.st.stm32cube.common.mx_6.3.0.202107141111\\db\/plugins/mcufinder/images/boards/nucleo-wb15cc_small.jpg
2025-11-01 22:52:07,953 [ERROR] DbBoards:189 - Image file not found for board NUCLEO-WB55RG: D:\STM32CubeIDE_1.7.0\STM32CubeIDE\plugins\com.st.stm32cube.common.mx_6.3.0.202107141111\\db\/plugins/mcufinder/images/boards/nucleo-wb55rg_small.jpg
2025-11-01 22:52:08,903 [INFO] ApiDb:251 - Load user favorites file C:\Users\tri/.stm32cubeide/favorites.boards.txt: 0 item(s)
2025-11-01 22:52:08,903 [INFO] ApiDb:255 - User favorites Boards=[]
2025-11-01 22:52:08,903 [INFO] DbBoards:206 - Set 0 / 0 favorites Boards
2025-11-01 22:53:06,373 [INFO] MainUpdater:2671 - connection check result : 10
2025-11-01 22:53:06,436 [INFO] McuFinderGlobals:52 - Set McuFinderConnectedMode to false
2025-11-01 22:53:06,468 [INFO] CrossSelectorPresenter:1330 - Cross Selector saved comparison directory: C:\Users\tri\.stmcufinder\plugins\mcufinder\mcu\cs_comparisons_mx
2025-11-01 22:53:06,468 [INFO] MultiScanPanel:197 - Auto-refresh data requested => check proxy status ongoing
2025-11-01 22:53:06,468 [INFO] MultiScanPanel:201 - Proxy status is invalid
2025-11-01 22:53:06,468 [INFO] FinderPluginLoader:87 - Searching for filters in installed packs
2025-11-01 22:53:06,746 [INFO] DetailPanel:309 - Set advertising image to C:/Users/tri/STM32Cube/Repository/\en.mcu-finder-stm32n6dk.jpg
2025-11-01 22:53:30,514 [INFO] DbMcusDocs:143 - JSON generation date=Tue Nov 16 23:17:54 ICT 2021 (1637079474)
2025-11-01 22:53:30,711 [INFO] DbMcusDocs:79 - Found 682 MCUs documents
2025-11-01 22:53:52,145 [INFO] MainUpdater:2671 - connection check result : 10
2025-11-01 22:53:52,145 [INFO] MainUpdater:2671 - connection check result : 10
2025-11-01 22:53:52,176 [INFO] MicroXplorer:448 - Change Database Path : 
2025-11-01 22:53:52,176 [INFO] MicroXplorer:478 - Change Database Version : DB.6.0.30
2025-11-01 22:53:52,176 [WARN] ThirdParty:813 - waiting for thirdparty lock release [close project]
2025-11-01 22:53:52,176 [INFO] ThirdParty:815 - entering critical section [close project]
2025-11-01 22:53:52,176 [INFO] ThirdParty:825 - exiting critical section [close project]
2025-11-01 22:53:52,176 [INFO] PinOutPanel:1463 - setPackage(No Configuration,No Configuration)
2025-11-01 22:53:52,176 [INFO] UtilMem:74 - Begin LoadConfig() Used Memory: 720263472 Bytes (779091968)
2025-11-01 22:53:52,176 [INFO] MicroXplorer:448 - Change Database Path : 
2025-11-01 22:53:52,176 [INFO] MicroXplorer:478 - Change Database Version : DB.6.0.30
2025-11-01 22:53:52,176 [INFO] OpenFileManager:313 - Change cursor
2025-11-01 22:53:52,830 [INFO] Context:592 - Trying to add GPIOservice into a context  which must be forbidden
2025-11-01 22:53:52,982 [INFO] ImportTextPane:167 - (OptionalMessage_ERROR) Unable to find key (Mcu.ThirdPartyNb) in loaded IOC file
2025-11-01 22:53:52,982 [INFO] ImportTextPane:167 - (OptionalMessage_ERROR) Unable to find key (Mcu.PinsNb) in loaded IOC file
2025-11-01 22:53:52,982 [INFO] ImportTextPane:167 - (OptionalMessage_ERROR) Unable to find key (Mcu.IPNb) in loaded IOC file
2025-11-01 22:53:53,018 [WARN] ApiManager:304 - Cannot register API 'Board Extension:PM33A1' from pack STMicroelectronics.X-CUBE-PM33A1.1.0.0: no header file found
2025-11-01 22:53:53,020 [WARN] ApiManager:304 - Cannot register API 'Board Extension:NFC09A1' from pack STMicroelectronics.X-CUBE-NFC9.1.0.0: no header file found
2025-11-01 22:53:53,024 [WARN] ApiManager:304 - Cannot register API 'Wireless:BlueNRG-MS' from pack STMicroelectronics.X-CUBE-BLE1.7.1.0: no header file found
2025-11-01 22:53:53,026 [WARN] ApiManager:304 - Cannot register API 'Board Extension:EEPRMA2' from pack STMicroelectronics.X-CUBE-EEPRMA1.5.2.0: no header file found
2025-11-01 22:53:53,026 [WARN] ApiManager:304 - Cannot register API 'Board Extension:PGEEZ1' from pack STMicroelectronics.X-CUBE-EEPRMA1.5.2.0: no header file found
2025-11-01 22:53:53,026 [WARN] ApiManager:304 - Cannot register API 'Board Extension:EEICA1' from pack STMicroelectronics.X-CUBE-EEPRMA1.5.2.0: no header file found
2025-11-01 22:53:53,026 [WARN] ApiManager:304 - Cannot register API 'Board Part:M24' from pack STMicroelectronics.X-CUBE-EEPRMA1.5.2.0: no header file found
2025-11-01 22:53:53,026 [WARN] ApiManager:304 - Cannot register API 'Board Part:M95' from pack STMicroelectronics.X-CUBE-EEPRMA1.5.2.0: no header file found
2025-11-01 22:53:53,026 [WARN] ApiManager:304 - Cannot register API 'Board Part:M95P32' from pack STMicroelectronics.X-CUBE-EEPRMA1.5.2.0: no header file found
2025-11-01 22:53:53,026 [WARN] ApiManager:304 - Cannot register API 'Board Part:M24256E-F' from pack STMicroelectronics.X-CUBE-EEPRMA1.5.2.0: no header file found
2025-11-01 22:53:53,026 [WARN] ApiManager:304 - Cannot register API 'Board Part:M24M01E-F' from pack STMicroelectronics.X-CUBE-EEPRMA1.5.2.0: no header file found
2025-11-01 22:53:53,026 [WARN] ApiManager:304 - Cannot register API 'PGEEZ1:SPI' from pack STMicroelectronics.X-CUBE-EEPRMA1.5.2.0: no header file found
2025-11-01 22:53:53,026 [WARN] ApiManager:304 - Cannot register API 'PGEEZ1:QDSPI' from pack STMicroelectronics.X-CUBE-EEPRMA1.5.2.0: no header file found
2025-11-01 22:53:53,028 [WARN] ApiManager:304 - Cannot register API 'Board Extension:GNSS1A1' from pack STMicroelectronics.X-CUBE-GNSS1.7.0.1: no header file found
2025-11-01 22:53:53,028 [WARN] ApiManager:304 - Cannot register API 'Board Support:Custom' from pack STMicroelectronics.X-CUBE-GNSS1.7.0.1: no header file found
2025-11-01 22:53:53,028 [WARN] ApiManager:304 - Cannot register API 'Data Exchange:lib_gnss' from pack STMicroelectronics.X-CUBE-GNSS1.7.0.1: no header file found
2025-11-01 22:53:53,028 [WARN] ApiManager:304 - Cannot register API 'Board Extension:NFC12A1' from pack STMicroelectronics.X-CUBE-NFC12.1.0.0: no header file found
2025-11-01 22:53:53,030 [WARN] ApiManager:304 - Cannot register API 'Board Extension:NFC06A1' from pack STMicroelectronics.X-CUBE-NFC6.3.1.0: no header file found
2025-11-01 22:53:53,030 [WARN] ApiManager:304 - Cannot register API 'Board Extension:NFC08A1' from pack STMicroelectronics.X-CUBE-NFC6.3.1.0: no header file found
2025-11-01 22:53:53,030 [INFO] RtosManager:484 - Registered RTOS mode: class=CMSIS, group=RTOS, mode=CMSIS_V1, owner=FREERTOS
2025-11-01 22:53:53,030 [INFO] RtosManager:484 - Registered RTOS mode: class=CMSIS, group=RTOS2, mode=CMSIS_V2, owner=FREERTOS
2025-11-01 22:53:53,030 [INFO] RtosManager:484 - Registered RTOS mode: class=RTOS, group=Core, mode=CMSIS_V1, owner=FREERTOS
2025-11-01 22:53:53,030 [INFO] RtosManager:484 - Registered RTOS mode: class=RTOS, group=Core, mode=CMSIS_V2, owner=FREERTOS
2025-11-01 22:53:53,030 [WARN] ModelIntegratedComponent:181 - Missing modes for component STMicroelectronics:FreeRTOS:0.0.1:STMicroelectronics:RTOS:FreeRTOS:Core:::10.2.0:
2025-11-01 22:53:53,030 [WARN] ApiManager:304 - Cannot register API 'Board Extension:STSAFEA1' from pack STMicroelectronics.X-CUBE-SAFEA1.1.2.2: no header file found
2025-11-01 22:53:53,030 [WARN] ApiManager:304 - Cannot register API 'Board Part:STSAFEA110' from pack STMicroelectronics.X-CUBE-SAFEA1.1.2.2: no header file found
2025-11-01 22:53:53,030 [WARN] ApiManager:304 - Cannot register API 'Security:ST_Cryptolib' from pack STMicroelectronics.X-CUBE-SAFEA1.1.2.2: no header file found
2025-11-01 22:53:53,030 [WARN] ApiManager:304 - Cannot register API 'Security:MbedTLS' from pack STMicroelectronics.X-CUBE-SAFEA1.1.2.2: no header file found
2025-11-01 22:53:53,030 [WARN] ApiManager:304 - Cannot register API 'Board Extension:NFC04A1' from pack STMicroelectronics.X-CUBE-NFC4.3.0.0: no header file found
2025-11-01 22:53:53,030 [WARN] ApiManager:304 - Cannot register API 'Board Extension:S2868A1' from pack STMicroelectronics.X-CUBE-SUBG2.5.0.0: no header file found
2025-11-01 22:53:53,030 [WARN] ApiManager:304 - Cannot register API 'Board Extension:S2868A2' from pack STMicroelectronics.X-CUBE-SUBG2.5.0.0: no header file found
2025-11-01 22:53:53,030 [WARN] ApiManager:304 - Cannot register API 'Board Extension:S2915A1' from pack STMicroelectronics.X-CUBE-SUBG2.5.0.0: no header file found
2025-11-01 22:53:53,030 [WARN] ApiManager:304 - Cannot register API 'Wireless:STM32WB05N' from pack STMicroelectronics.X-CUBE-WB05N.2.0.0: no header file found
2025-11-01 22:53:53,048 [WARN] ApiManager:304 - Cannot register API 'Board Extension:NFC07A1' from pack STMicroelectronics.X-CUBE-NFC7.2.0.0: no header file found
2025-11-01 22:53:53,048 [WARN] ApiManager:304 - Cannot register API 'Board Extension:NFC10A1' from pack STMicroelectronics.X-CUBE-NFC10.1.0.0: no header file found
2025-11-01 22:53:53,052 [WARN] ModelIntegratedComponent:60 - No mode defined for component null
2025-11-01 22:53:53,052 [WARN] ModelIntegratedComponent:60 - No mode defined for component null
2025-11-01 22:53:53,052 [WARN] ModelIntegratedComponent:60 - No mode defined for component null
2025-11-01 22:53:53,052 [WARN] ModelIntegratedComponent:60 - No mode defined for component null
2025-11-01 22:53:53,052 [WARN] ModelIntegratedComponent:60 - No mode defined for component null
2025-11-01 22:53:53,052 [WARN] ModelIntegratedComponent:60 - No mode defined for component null
2025-11-01 22:53:53,052 [WARN] ModelIntegratedComponent:60 - No mode defined for component null
2025-11-01 22:53:53,052 [WARN] ModelIntegratedComponent:60 - No mode defined for component null
2025-11-01 22:53:53,052 [WARN] ModelIntegratedComponent:60 - No mode defined for component null
2025-11-01 22:53:53,052 [WARN] ModelIntegratedComponent:60 - No mode defined for component null
2025-11-01 22:53:53,052 [WARN] ModelIntegratedComponent:60 - No mode defined for component null
2025-11-01 22:53:53,052 [WARN] ModelIntegratedComponent:60 - No mode defined for component null
2025-11-01 22:53:53,052 [WARN] ModelIntegratedComponent:60 - No mode defined for component null
2025-11-01 22:53:53,052 [WARN] ModelIntegratedComponent:60 - No mode defined for component null
2025-11-01 22:53:53,052 [WARN] ModelIntegratedComponent:60 - No mode defined for component null
2025-11-01 22:53:53,052 [WARN] ModelIntegratedComponent:60 - No mode defined for component null
2025-11-01 22:53:53,052 [WARN] ModelIntegratedComponent:60 - No mode defined for component null
2025-11-01 22:53:53,052 [WARN] ModelIntegratedComponent:60 - No mode defined for component null
2025-11-01 22:53:53,052 [WARN] ModelIntegratedComponent:60 - No mode defined for component null
2025-11-01 22:53:53,052 [WARN] ModelIntegratedComponent:60 - No mode defined for component null
2025-11-01 22:53:53,052 [WARN] ModelIntegratedComponent:60 - No mode defined for component null
2025-11-01 22:53:53,052 [WARN] ModelIntegratedComponent:60 - No mode defined for component null
2025-11-01 22:53:53,054 [WARN] ModelIntegratedComponent:60 - No mode defined for component null
2025-11-01 22:53:53,054 [WARN] ModelIntegratedComponent:60 - No mode defined for component null
2025-11-01 22:53:53,054 [WARN] ModelIntegratedComponent:60 - No mode defined for component null
2025-11-01 22:53:53,054 [WARN] ModelIntegratedComponent:60 - No mode defined for component null
2025-11-01 22:53:53,054 [WARN] ModelIntegratedComponent:60 - No mode defined for component null
2025-11-01 22:53:53,054 [WARN] ModelIntegratedComponent:60 - No mode defined for component null
2025-11-01 22:53:53,054 [WARN] ModelIntegratedComponent:60 - No mode defined for component null
2025-11-01 22:53:53,054 [WARN] ModelIntegratedComponent:60 - No mode defined for component null
2025-11-01 22:53:53,054 [WARN] ModelIntegratedComponent:60 - No mode defined for component null
2025-11-01 22:53:53,054 [WARN] ApiManager:304 - Cannot register API 'Board Extension:GNSS1A1' from pack STMicroelectronics.X-CUBE-GNSS1.7.1.0: no header file found
2025-11-01 22:53:53,054 [WARN] ApiManager:304 - Cannot register API 'Board Support:Custom' from pack STMicroelectronics.X-CUBE-GNSS1.7.1.0: no header file found
2025-11-01 22:53:53,054 [WARN] ApiManager:304 - Cannot register API 'Data Exchange:lib_gnss' from pack STMicroelectronics.X-CUBE-GNSS1.7.1.0: no header file found
2025-11-01 22:53:53,056 [WARN] ApiManager:304 - Cannot register API 'Board Extension:SAFEA1' from pack STMicroelectronics.X-CUBE-STSE01.1.0.0: no header file found
2025-11-01 22:53:53,056 [WARN] ApiManager:304 - Cannot register API 'Board Extension:ESE01A1' from pack STMicroelectronics.X-CUBE-STSE01.1.0.0: no header file found
2025-11-01 22:53:53,056 [WARN] ApiManager:304 - Cannot register API 'Board Part:STSAFEA110' from pack STMicroelectronics.X-CUBE-STSE01.1.0.0: no header file found
2025-11-01 22:53:53,056 [WARN] ApiManager:304 - Cannot register API 'Board Part:STSAFEA120' from pack STMicroelectronics.X-CUBE-STSE01.1.0.0: no header file found
2025-11-01 22:53:53,056 [WARN] ApiManager:304 - Cannot register API 'Security:STM32_Cryptographic' from pack STMicroelectronics.X-CUBE-STSE01.1.0.0: no header file found
2025-11-01 22:53:53,056 [WARN] ApiManager:304 - Cannot register API 'Security:STSELib' from pack STMicroelectronics.X-CUBE-STSE01.1.0.0: no header file found
2025-11-01 22:53:53,212 [WARN] ApiManager:304 - Cannot register API 'Board Extension:IKS01A3' from pack STMicroelectronics.X-CUBE-MEMS1.11.3.0: no header file found
2025-11-01 22:53:53,212 [WARN] ApiManager:304 - Cannot register API 'Board Extension:IKS02A1' from pack STMicroelectronics.X-CUBE-MEMS1.11.3.0: no header file found
2025-11-01 22:53:53,212 [WARN] ApiManager:304 - Cannot register API 'Board Extension:IKS4A1' from pack STMicroelectronics.X-CUBE-MEMS1.11.3.0: no header file found
2025-11-01 22:53:53,224 [WARN] ApiManager:304 - Cannot register API 'Board Extension:S2868A1' from pack STMicroelectronics.X-CUBE-SFXS2LP1.4.0.0: no header file found
2025-11-01 22:53:53,224 [WARN] ApiManager:304 - Cannot register API 'Board Extension:S2868A2' from pack STMicroelectronics.X-CUBE-SFXS2LP1.4.0.0: no header file found
2025-11-01 22:53:53,224 [WARN] ApiManager:304 - Cannot register API 'Board Extension:S2915A1' from pack STMicroelectronics.X-CUBE-SFXS2LP1.4.0.0: no header file found
2025-11-01 22:53:53,224 [WARN] ApiManager:304 - Cannot register API 'Wireless:BlueNRG-2' from pack STMicroelectronics.X-CUBE-BLE2.3.3.0: no header file found
2025-11-01 22:53:54,812 [INFO] UtilMem:74 - End LoadConfig() Used Memory: 728195776 Bytes (779091968)
2025-11-01 22:53:54,815 [WARN] ThirdParty:779 - waiting for thirdparty lock release [change project]
2025-11-01 22:53:54,815 [INFO] ThirdParty:781 - entering critical section [change project]
2025-11-01 22:53:54,815 [INFO] ThirdParty:967 - CMSIS Pack Vendor :STMicroelectronics X-CUBE-PM33A1 1.0.0
2025-11-01 22:53:54,815 [INFO] ThirdParty:967 - CMSIS Pack Vendor :STMicroelectronics X-CUBE-NFC9 1.0.0
2025-11-01 22:53:54,815 [INFO] ThirdParty:967 - CMSIS Pack Vendor :STMicroelectronics USB_HOST 2.0.0
2025-11-01 22:53:54,815 [INFO] ThirdParty:967 - CMSIS Pack Vendor :STMicroelectronics X-CUBE-AZRTOS-F4 1.1.0
2025-11-01 22:53:54,815 [INFO] ThirdParty:967 - CMSIS Pack Vendor :STMicroelectronics FP-ATR-ASTRA1 2.0.2
2025-11-01 22:53:54,815 [INFO] ThirdParty:967 - CMSIS Pack Vendor :wolfSSL I-CUBE-wolfSSL 5.8.2
2025-11-01 22:53:54,815 [INFO] ThirdParty:967 - CMSIS Pack Vendor :STMicroelectronics X-CUBE-BLE1 7.1.0
2025-11-01 22:53:54,815 [INFO] ThirdParty:967 - CMSIS Pack Vendor :wolfSSL I-CUBE-wolfMQTT 1.19.2
2025-11-01 22:53:54,815 [INFO] ThirdParty:967 - CMSIS Pack Vendor :STMicroelectronics USB_DEVICE 3.0.0
2025-11-01 22:53:54,815 [INFO] ThirdParty:967 - CMSIS Pack Vendor :STMicroelectronics X-CUBE-ISPU 2.1.0
2025-11-01 22:53:54,815 [INFO] ThirdParty:967 - CMSIS Pack Vendor :STMicroelectronics X-CUBE-EEPRMA1 5.2.0
2025-11-01 22:53:54,815 [INFO] ThirdParty:967 - CMSIS Pack Vendor :STMicroelectronics X-CUBE-AZRTOS-WB 2.0.0
2025-11-01 22:53:54,815 [INFO] ThirdParty:967 - CMSIS Pack Vendor :STMicroelectronics X-CUBE-GNSS1 7.0.1
2025-11-01 22:53:54,815 [INFO] ThirdParty:967 - CMSIS Pack Vendor :STMicroelectronics X-CUBE-NFC12 1.0.0
2025-11-01 22:53:54,815 [INFO] ThirdParty:967 - CMSIS Pack Vendor :STMicroelectronics X-CUBE-AZRTOS-F7 1.1.0
2025-11-01 22:53:54,815 [INFO] ThirdParty:967 - CMSIS Pack Vendor :STMicroelectronics X-CUBE-AZRTOS-L5 2.0.0
2025-11-01 22:53:54,815 [INFO] ThirdParty:967 - CMSIS Pack Vendor :STMicroelectronics X-CUBE-TOUCHGFX 4.25.0
2025-11-01 22:53:54,815 [INFO] ThirdParty:967 - CMSIS Pack Vendor :STMicroelectronics USB_DEVICE 2.0.0
2025-11-01 22:53:54,815 [INFO] ThirdParty:967 - CMSIS Pack Vendor :STMicroelectronics X-CUBE-NFC6 3.1.0
2025-11-01 22:53:54,815 [INFO] ThirdParty:967 - CMSIS Pack Vendor :STMicroelectronics FreeRTOS 0.0.1
2025-11-01 22:53:54,815 [INFO] ThirdParty:967 - CMSIS Pack Vendor :STMicroelectronics X-CUBE-AZRTOS-G0 1.1.0
2025-11-01 22:53:54,815 [INFO] ThirdParty:967 - CMSIS Pack Vendor :STMicroelectronics X-CUBE-SAFEA1 1.2.2
2025-11-01 22:53:54,815 [INFO] ThirdParty:967 - CMSIS Pack Vendor :STMicroelectronics X-CUBE-NFC4 3.0.0
2025-11-01 22:53:54,815 [INFO] ThirdParty:967 - CMSIS Pack Vendor :STMicroelectronics X-CUBE-SUBG2 5.0.0
2025-11-01 22:53:54,815 [INFO] ThirdParty:967 - CMSIS Pack Vendor :STMicroelectronics X-CUBE-AZRTOS-H7RS 1.1.0
2025-11-01 22:53:54,815 [INFO] ThirdParty:967 - CMSIS Pack Vendor :STMicroelectronics lwIP 2.0.3
2025-11-01 22:53:54,815 [INFO] ThirdParty:967 - CMSIS Pack Vendor :STMicroelectronics USB_HOST 1.0.0
2025-11-01 22:53:54,815 [INFO] ThirdParty:967 - CMSIS Pack Vendor :STMicroelectronics X-CUBE-AZRTOS-G4 2.0.0
2025-11-01 22:53:54,815 [INFO] ThirdParty:967 - CMSIS Pack Vendor :STMicroelectronics X-CUBE-WB05N 2.0.0
2025-11-01 22:53:54,815 [INFO] ThirdParty:967 - CMSIS Pack Vendor :STMicroelectronics PDM2PCM 3.1.0
2025-11-01 22:53:54,815 [INFO] ThirdParty:967 - CMSIS Pack Vendor :STMicroelectronics PDM2PCM 3.3.0
2025-11-01 22:53:54,817 [INFO] ThirdParty:967 - CMSIS Pack Vendor :wolfSSL I-CUBE-wolfTPM 3.8.0
2025-11-01 22:53:54,817 [INFO] ThirdParty:967 - CMSIS Pack Vendor :STMicroelectronics X-CUBE-AZRTOS-H7 3.4.0
2025-11-01 22:53:54,817 [INFO] ThirdParty:967 - CMSIS Pack Vendor :wolfSSL I-CUBE-wolfSSH 1.4.20
2025-11-01 22:53:54,817 [INFO] ThirdParty:967 - CMSIS Pack Vendor :STMicroelectronics X-CUBE-NFC7 2.0.0
2025-11-01 22:53:54,817 [INFO] ThirdParty:967 - CMSIS Pack Vendor :STMicroelectronics FP-ATR-SIGFOX1 3.2.0
2025-11-01 22:53:54,817 [INFO] ThirdParty:967 - CMSIS Pack Vendor :STMicroelectronics X-CUBE-NFC10 1.0.0
2025-11-01 22:53:54,817 [INFO] ThirdParty:967 - CMSIS Pack Vendor :STMicroelectronics HAL Drivers 0.0.0
2025-11-01 22:53:54,817 [INFO] ThirdParty:967 - CMSIS Pack Vendor :STMicroelectronics MBEDTLS 2.16.2
2025-11-01 22:53:54,817 [INFO] ThirdParty:967 - CMSIS Pack Vendor :STMicroelectronics MBEDTLS 2.14.1
2025-11-01 22:53:54,817 [INFO] ThirdParty:967 - CMSIS Pack Vendor :STMicroelectronics X-CUBE-GNSS1 7.1.0
2025-11-01 22:53:54,817 [INFO] ThirdParty:967 - CMSIS Pack Vendor :STMicroelectronics X-CUBE-TOUCHGFX 4.26.0
2025-11-01 22:53:54,817 [INFO] ThirdParty:967 - CMSIS Pack Vendor :STMicroelectronics X-CUBE-STSE01 1.0.0
2025-11-01 22:53:54,817 [INFO] ThirdParty:967 - CMSIS Pack Vendor :STMicroelectronics X-CUBE-AI 10.2.0
2025-11-01 22:53:54,817 [INFO] ThirdParty:967 - CMSIS Pack Vendor :STMicroelectronics X-CUBE-AZRTOS-WL 2.0.0
2025-11-01 22:53:54,817 [INFO] ThirdParty:967 - CMSIS Pack Vendor :SEGGER I-CUBE-embOS 1.3.1
2025-11-01 22:53:54,817 [INFO] ThirdParty:967 - CMSIS Pack Vendor :STMicroelectronics X-CUBE-ALGOBUILD 1.4.0
2025-11-01 22:53:54,817 [INFO] ThirdParty:967 - CMSIS Pack Vendor :STMicroelectronics X-CUBE-MEMS1 11.3.0
2025-11-01 22:53:54,817 [INFO] ThirdParty:967 - CMSIS Pack Vendor :STMicroelectronics USB_DEVICE 1.0.0
2025-11-01 22:53:54,817 [INFO] ThirdParty:967 - CMSIS Pack Vendor :STMicroelectronics X-CUBE-AZRTOS-L4 2.0.0
2025-11-01 22:53:54,817 [INFO] ThirdParty:967 - CMSIS Pack Vendor :STMicroelectronics ThreadX 0.0.2
2025-11-01 22:53:54,817 [INFO] ThirdParty:967 - CMSIS Pack Vendor :STMicroelectronics lwIP 2.1.2
2025-11-01 22:53:54,817 [INFO] ThirdParty:967 - CMSIS Pack Vendor :STMicroelectronics X-CUBE-SFXS2LP1 4.0.0
2025-11-01 22:53:54,817 [INFO] ThirdParty:967 - CMSIS Pack Vendor :STMicroelectronics X-CUBE-BLE2 3.3.0
2025-11-01 22:53:54,817 [INFO] ThirdParty:967 - CMSIS Pack Vendor :STMicroelectronics PDM2PCM 3.2.0
2025-11-01 22:53:54,817 [INFO] ThirdParty:787 - exiting critical section [change project]
2025-11-01 22:53:54,986 [INFO] PinOutPanel:1463 - setPackage(No Configuration,No Configuration)
2025-11-01 22:53:54,986 [INFO] PinOutPanel:1463 - setPackage(STM32F103C6Ux,UFQFPN48)
2025-11-01 22:53:55,243 [INFO] UtilMem:74 - Before build in PCC Used Memory: 724930800 Bytes (779091968)
2025-11-01 22:53:55,672 [INFO] UtilMem:74 - After build in PCC Used Memory: 743920168 Bytes (791674880)
2025-11-01 22:53:55,688 [INFO] IPUIPlugin:74 - create IPUIPlugin
2025-11-01 22:53:55,688 [INFO] IPUIPlugin:74 - create IPUIPlugin
2025-11-01 22:53:55,688 [INFO] IPUIPlugin:74 - create IPUIPlugin
2025-11-01 22:53:55,688 [INFO] IPUIPlugin:74 - create IPUIPlugin
2025-11-01 22:53:55,688 [INFO] IPUIPlugin:74 - create IPUIPlugin
2025-11-01 22:53:55,688 [INFO] IPUIPlugin:74 - create IPUIPlugin
2025-11-01 22:53:55,688 [INFO] IPUIPlugin:74 - create IPUIPlugin
2025-11-01 22:53:55,688 [INFO] IPUIPlugin:74 - create IPUIPlugin
2025-11-01 22:53:55,688 [INFO] IPUIPlugin:74 - create IPUIPlugin
2025-11-01 22:53:55,688 [INFO] IPUIPlugin:74 - create IPUIPlugin
2025-11-01 22:53:55,704 [INFO] IPUIPlugin:74 - create IPUIPlugin
2025-11-01 22:53:55,704 [INFO] IPUIPlugin:74 - create IPUIPlugin
2025-11-01 22:53:55,704 [INFO] IPUIPlugin:74 - create IPUIPlugin
2025-11-01 22:53:55,704 [INFO] IPUIPlugin:74 - create IPUIPlugin
2025-11-01 22:53:55,704 [INFO] IPUIPlugin:74 - create IPUIPlugin
2025-11-01 22:53:55,704 [INFO] IPUIPlugin:74 - create IPUIPlugin
2025-11-01 22:53:55,704 [INFO] IPUIPlugin:74 - create IPUIPlugin
2025-11-01 22:53:55,704 [INFO] IPUIPlugin:74 - create IPUIPlugin
2025-11-01 22:53:55,704 [INFO] IPUIPlugin:74 - create IPUIPlugin
2025-11-01 22:53:55,706 [INFO] IPUIPlugin:74 - create IPUIPlugin
2025-11-01 22:53:55,706 [INFO] IPUIPlugin:74 - create IPUIPlugin
2025-11-01 22:53:55,706 [INFO] IPUIPlugin:74 - create IPUIPlugin
2025-11-01 22:53:55,706 [INFO] IPUIPlugin:74 - create IPUIPlugin
2025-11-01 22:53:55,803 [INFO] OpenFileManager:333 - Restore cursor
2025-11-01 22:53:56,012 [INFO] UtilMem:74 - End SaveConfig() Used Memory: 737196496 Bytes (791674880)
2025-11-01 22:53:56,049 [INFO] UtilMem:74 - End SaveConfig() Used Memory: 749701424 Bytes (791674880)
2025-11-01 22:53:56,272 [INFO] BlockDiagram:2740 - set Specific Code input for plugin: NVIC
2025-11-01 22:53:56,272 [INFO] BlockDiagram:2740 - set Specific Code input for plugin: SYS
2025-11-01 22:53:56,272 [INFO] BlockDiagram:2740 - set Specific Code input for plugin: RCC
2025-11-01 22:53:56,272 [INFO] CodeGenerator:663 - code generatio: config db path: D:\STM32CubeIDE_1.7.0\STM32CubeIDE\plugins\com.st.stm32cube.common.mx_6.3.0.202107141111\\db\
2025-11-01 22:53:56,491 [INFO] CodeEngine:239 - oldGeneratedFile, D:\GIT_LAB3\LAB3_Exercise\MXTmpFiles\license.tmp_save
2025-11-01 22:53:56,745 [INFO] CodeEngine:257 - Generated code: D:\GIT_LAB3\LAB3_Exercise\MXTmpFiles\license.tmp
2025-11-01 22:53:56,811 [INFO] CodeEngine:239 - oldGeneratedFile, D:\GIT_LAB3\LAB3_Exercise\Core\Src\stm32f1xx_it.c_save
2025-11-01 22:53:56,921 [INFO] CodeEngine:257 - Generated code: D:\GIT_LAB3\LAB3_Exercise\Core\Src\stm32f1xx_it.c
2025-11-01 22:53:56,937 [INFO] CodeEngine:239 - oldGeneratedFile, D:\GIT_LAB3\LAB3_Exercise\Core\Inc\stm32f1xx_it.h_save
2025-11-01 22:53:57,000 [INFO] CodeEngine:257 - Generated code: D:\GIT_LAB3\LAB3_Exercise\Core\Inc\stm32f1xx_it.h
2025-11-01 22:53:57,010 [INFO] CodeEngine:239 - oldGeneratedFile, D:\GIT_LAB3\LAB3_Exercise\Core\Src\stm32f1xx_hal_msp.c_save
2025-11-01 22:53:57,081 [INFO] CodeEngine:257 - Generated code: D:\GIT_LAB3\LAB3_Exercise\Core\Src\stm32f1xx_hal_msp.c
2025-11-01 22:53:57,081 [INFO] CodeEngine:239 - oldGeneratedFile, D:\GIT_LAB3\LAB3_Exercise\MXTmpFiles\system.tmp_save
2025-11-01 22:53:57,158 [INFO] CodeEngine:257 - Generated code: D:\GIT_LAB3\LAB3_Exercise\MXTmpFiles\system.tmp
2025-11-01 22:53:57,161 [INFO] CodeEngine:239 - oldGeneratedFile, D:\GIT_LAB3\LAB3_Exercise\Core\Inc\stm32f1xx_hal_conf.h_save
2025-11-01 22:53:57,254 [INFO] CodeEngine:257 - Generated code: D:\GIT_LAB3\LAB3_Exercise\Core\Inc\stm32f1xx_hal_conf.h
2025-11-01 22:53:57,277 [INFO] CodeEngine:239 - oldGeneratedFile, D:\GIT_LAB3\LAB3_Exercise\Core\Inc\main.h_save
2025-11-01 22:53:57,365 [INFO] CodeEngine:257 - Generated code: D:\GIT_LAB3\LAB3_Exercise\Core\Inc\main.h
2025-11-01 22:53:57,374 [INFO] CodeEngine:239 - oldGeneratedFile, D:\GIT_LAB3\LAB3_Exercise\Core\Src\main.c_save
2025-11-01 22:53:57,496 [INFO] CodeEngine:257 - Generated code: D:\GIT_LAB3\LAB3_Exercise\Core\Src\main.c
2025-11-01 22:53:58,069 [INFO] ProjectBuilder:2578 - Time for Copy HAL[1] : 57mS.
2025-11-01 22:53:58,071 [INFO] ProjectBuilder:3622 - Project Generator version: 3.14.1
2025-11-01 22:53:58,396 [INFO] ConfigFileManager:1271 - The Die is : DIE412
2025-11-01 22:53:58,407 [INFO] ApiDbMcu:468 - Load IP Config File for FATFS
2025-11-01 22:53:58,428 [INFO] ApiDbMcu:468 - Load IP Config File for FREERTOS
2025-11-01 22:53:58,444 [INFO] ApiDbMcu:468 - Load IP Config File for USB_DEVICE
2025-11-01 22:54:02,697 [INFO] ProjectBuilder:3789 - Time for Generating toolchain IDE Files: 4626mS.
2025-11-01 22:54:02,697 [INFO] ProjectBuilder:2457 - Time for Copy CMSIS : 0mS.
2025-11-01 22:54:02,699 [INFO] ProjectBuilder:2457 - Time for Copy CMSIS : 0mS.
2025-11-01 22:54:04,730 [INFO] McuFinderGlobals:52 - Set McuFinderConnectedMode to true
2025-11-01 22:54:04,730 [INFO] ApiDb:276 - Save user favorites file C:\Users\tri/.stm32cubeide/favorites.mcus.txt: 0 item(s)
2025-11-01 22:54:04,730 [INFO] ApiDb:280 - User favorites MCUs=[]
2025-11-01 22:54:04,841 [ERROR] LogOutputStream:74 - [STDERR_REDIRECT] Exception in thread "AWT-EventQueue-0" java.lang.NullPointerException
2025-11-01 22:54:04,841 [ERROR] LogOutputStream:74 - [STDERR_REDIRECT] 	at com.st.stm32cube.common.mx.targetselector.TargetSelectorAdapter$6.run(TargetSelectorAdapter.java:310)
2025-11-01 22:54:04,841 [ERROR] LogOutputStream:74 - [STDERR_REDIRECT] 	at com.st.stm32cube.common.mx.oss.core.awtswtbridge.AwtEnvironment$2.run(AwtEnvironment.java:166)
2025-11-01 22:54:04,841 [ERROR] LogOutputStream:74 - [STDERR_REDIRECT] 	at java.desktop/java.awt.event.InvocationEvent.dispatch(InvocationEvent.java:313)
2025-11-01 22:54:04,841 [ERROR] LogOutputStream:74 - [STDERR_REDIRECT] 	at java.desktop/java.awt.EventQueue.dispatchEventImpl(EventQueue.java:770)
2025-11-01 22:54:04,841 [ERROR] LogOutputStream:74 - [STDERR_REDIRECT] 	at java.desktop/java.awt.EventQueue$4.run(EventQueue.java:721)
2025-11-01 22:54:04,841 [ERROR] LogOutputStream:74 - [STDERR_REDIRECT] 	at java.desktop/java.awt.EventQueue$4.run(EventQueue.java:715)
2025-11-01 22:54:04,841 [ERROR] LogOutputStream:74 - [STDERR_REDIRECT] 	at java.base/java.security.AccessController.doPrivileged(Native Method)
2025-11-01 22:54:04,841 [ERROR] LogOutputStream:74 - [STDERR_REDIRECT] 	at java.base/java.security.ProtectionDomain$JavaSecurityAccessImpl.doIntersectionPrivilege(ProtectionDomain.java:85)
2025-11-01 22:54:04,841 [ERROR] LogOutputStream:74 - [STDERR_REDIRECT] 	at java.desktop/java.awt.EventQueue.dispatchEvent(EventQueue.java:740)
2025-11-01 22:54:04,841 [ERROR] LogOutputStream:74 - [STDERR_REDIRECT] 	at java.desktop/java.awt.EventDispatchThread.pumpOneEventForFilters(EventDispatchThread.java:203)
2025-11-01 22:54:04,841 [ERROR] LogOutputStream:74 - [STDERR_REDIRECT] 	at java.desktop/java.awt.EventDispatchThread.pumpEventsForFilter(EventDispatchThread.java:124)
2025-11-01 22:54:04,841 [ERROR] LogOutputStream:74 - [STDERR_REDIRECT] 	at java.desktop/java.awt.EventDispatchThread.pumpEventsForHierarchy(EventDispatchThread.java:113)
2025-11-01 22:54:04,841 [ERROR] LogOutputStream:74 - [STDERR_REDIRECT] 	at java.desktop/java.awt.EventDispatchThread.pumpEvents(EventDispatchThread.java:109)
2025-11-01 22:54:04,841 [ERROR] LogOutputStream:74 - [STDERR_REDIRECT] 	at java.desktop/java.awt.EventDispatchThread.pumpEvents(EventDispatchThread.java:101)
2025-11-01 22:54:04,841 [ERROR] LogOutputStream:74 - [STDERR_REDIRECT] 	at java.desktop/java.awt.EventDispatchThread.run(EventDispatchThread.java:90)
2025-11-01 22:54:19,273 [INFO] MainUpdater:2671 - connection check result : 10
2025-11-01 22:54:19,384 [INFO] McuFinderGlobals:52 - Set McuFinderConnectedMode to false
2025-11-01 22:54:19,392 [INFO] CrossSelectorPresenter:1330 - Cross Selector saved comparison directory: C:\Users\tri\.stmcufinder\plugins\mcufinder\mcu\cs_comparisons_mx
2025-11-01 22:54:19,392 [INFO] MultiScanPanel:197 - Auto-refresh data requested => check proxy status ongoing
2025-11-01 22:54:19,392 [INFO] MultiScanPanel:201 - Proxy status is invalid
2025-11-01 22:54:19,392 [INFO] FinderPluginLoader:87 - Searching for filters in installed packs
2025-11-01 22:54:19,670 [INFO] DetailPanel:309 - Set advertising image to C:/Users/tri/STM32Cube/Repository/\en.mcu-finder-stm32n6dk.jpg
2025-11-01 22:55:20,608 [INFO] McuFinderGlobals:52 - Set McuFinderConnectedMode to true
2025-11-01 22:55:20,891 [INFO] ApiDb:276 - Save user favorites file C:\Users\tri/.stm32cubeide/favorites.mcus.txt: 0 item(s)
2025-11-01 22:55:20,893 [INFO] ApiDb:280 - User favorites MCUs=[]
2025-11-01 22:58:34,453 [ERROR] LogOutputStream:74 - [STDERR_REDIRECT] Exception in thread "AWT-EventQueue-0" org.eclipse.swt.SWTException: Device is disposed
2025-11-01 22:58:34,461 [ERROR] LogOutputStream:74 - [STDERR_REDIRECT] 	at org.eclipse.swt.SWT.error(SWT.java:4889)
2025-11-01 22:58:34,461 [ERROR] LogOutputStream:74 - [STDERR_REDIRECT] 	at org.eclipse.swt.SWT.error(SWT.java:4804)
2025-11-01 22:58:34,463 [ERROR] LogOutputStream:74 - [STDERR_REDIRECT] 	at org.eclipse.swt.SWT.error(SWT.java:4775)
2025-11-01 22:58:34,464 [ERROR] LogOutputStream:74 - [STDERR_REDIRECT] 	at org.eclipse.swt.widgets.Display.error(Display.java:1262)
2025-11-01 22:58:34,465 [ERROR] LogOutputStream:74 - [STDERR_REDIRECT] 	at org.eclipse.swt.widgets.Display.asyncExec(Display.java:779)
2025-11-01 22:58:34,467 [ERROR] LogOutputStream:74 - [STDERR_REDIRECT] 	at com.st.stm32cube.common.mx.oss.core.awtswtbridge.AwtEnvironment$2.run(AwtEnvironment.java:168)
2025-11-01 22:58:34,468 [ERROR] LogOutputStream:74 - [STDERR_REDIRECT] 	at java.desktop/java.awt.event.InvocationEvent.dispatch(InvocationEvent.java:313)
2025-11-01 22:58:34,469 [ERROR] LogOutputStream:74 - [STDERR_REDIRECT] 	at java.desktop/java.awt.EventQueue.dispatchEventImpl(EventQueue.java:770)
2025-11-01 22:58:34,469 [ERROR] LogOutputStream:74 - [STDERR_REDIRECT] 	at java.desktop/java.awt.EventQueue$4.run(EventQueue.java:721)
2025-11-01 22:58:34,470 [ERROR] LogOutputStream:74 - [STDERR_REDIRECT] 	at java.desktop/java.awt.EventQueue$4.run(EventQueue.java:715)
2025-11-01 22:58:34,472 [ERROR] LogOutputStream:74 - [STDERR_REDIRECT] 	at java.base/java.security.AccessController.doPrivileged(Native Method)
2025-11-01 22:58:34,474 [ERROR] LogOutputStream:74 - [STDERR_REDIRECT] 	at java.base/java.security.ProtectionDomain$JavaSecurityAccessImpl.doIntersectionPrivilege(ProtectionDomain.java:85)
2025-11-01 22:58:34,475 [ERROR] LogOutputStream:74 - [STDERR_REDIRECT] 	at java.desktop/java.awt.EventQueue.dispatchEvent(EventQueue.java:740)
2025-11-01 22:58:34,476 [ERROR] LogOutputStream:74 - [STDERR_REDIRECT] 	at java.desktop/java.awt.EventDispatchThread.pumpOneEventForFilters(EventDispatchThread.java:203)
2025-11-01 22:58:34,478 [ERROR] LogOutputStream:74 - [STDERR_REDIRECT] 	at java.desktop/java.awt.EventDispatchThread.pumpEventsForFilter(EventDispatchThread.java:124)
2025-11-01 22:58:34,478 [ERROR] LogOutputStream:74 - [STDERR_REDIRECT] 	at java.desktop/java.awt.EventDispatchThread.pumpEventsForHierarchy(EventDispatchThread.java:113)
2025-11-01 22:58:34,480 [ERROR] LogOutputStream:74 - [STDERR_REDIRECT] 	at java.desktop/java.awt.EventDispatchThread.pumpEvents(EventDispatchThread.java:109)
2025-11-01 22:58:34,482 [ERROR] LogOutputStream:74 - [STDERR_REDIRECT] 	at java.desktop/java.awt.EventDispatchThread.pumpEvents(EventDispatchThread.java:101)
2025-11-01 22:58:34,484 [ERROR] LogOutputStream:74 - [STDERR_REDIRECT] 	at java.desktop/java.awt.EventDispatchThread.run(EventDispatchThread.java:90)
